0 info it worked if it ends with ok
1 verbose cli [ '/usr/bin/node', '/usr/bin/npm', 'run', 'developmentBackEnd' ]
2 info using npm@3.10.10
3 info using node@v6.12.0
4 verbose run-script [ 'predevelopmentBackEnd',
4 verbose run-script   'developmentBackEnd',
4 verbose run-script   'postdevelopmentBackEnd' ]
5 info lifecycle Kamena_Vurla@0.0.4~predevelopmentBackEnd: Kamena_Vurla@0.0.4
6 silly lifecycle Kamena_Vurla@0.0.4~predevelopmentBackEnd: no script for predevelopmentBackEnd, continuing
7 info lifecycle Kamena_Vurla@0.0.4~developmentBackEnd: Kamena_Vurla@0.0.4
8 verbose lifecycle Kamena_Vurla@0.0.4~developmentBackEnd: unsafe-perm in lifecycle true
9 verbose lifecycle Kamena_Vurla@0.0.4~developmentBackEnd: PATH: /usr/lib/node_modules/npm/bin/node-gyp-bin:/home/george.manakanatas/Documents/Webpage/backEnd/node_modules/.bin:/usr/local/bin:/usr/local/sbin:/usr/bin:/usr/sbin:/bin:/sbin:/home/george.manakanatas/.local/bin:/home/george.manakanatas/bin
10 verbose lifecycle Kamena_Vurla@0.0.4~developmentBackEnd: CWD: /home/george.manakanatas/Documents/Webpage/backEnd
11 silly lifecycle Kamena_Vurla@0.0.4~developmentBackEnd: Args: [ '-c',
11 silly lifecycle   'cross-env NODE_ENV=developmentBackEnd node backEndServer.js' ]
12 silly lifecycle Kamena_Vurla@0.0.4~developmentBackEnd: Returned: code: 1  signal: null
13 info lifecycle Kamena_Vurla@0.0.4~developmentBackEnd: Failed to exec developmentBackEnd script
14 verbose stack Error: Kamena_Vurla@0.0.4 developmentBackEnd: `cross-env NODE_ENV=developmentBackEnd node backEndServer.js`
14 verbose stack Exit status 1
14 verbose stack     at EventEmitter.<anonymous> (/usr/lib/node_modules/npm/lib/utils/lifecycle.js:255:16)
14 verbose stack     at emitTwo (events.js:106:13)
14 verbose stack     at EventEmitter.emit (events.js:191:7)
14 verbose stack     at ChildProcess.<anonymous> (/usr/lib/node_modules/npm/lib/utils/spawn.js:40:14)
14 verbose stack     at emitTwo (events.js:106:13)
14 verbose stack     at ChildProcess.emit (events.js:191:7)
14 verbose stack     at maybeClose (internal/child_process.js:920:16)
14 verbose stack     at Process.ChildProcess._handle.onexit (internal/child_process.js:230:5)
15 verbose pkgid Kamena_Vurla@0.0.4
16 verbose cwd /home/george.manakanatas/Documents/Webpage/backEnd
17 error Linux 3.10.0-327.el7.x86_64
18 error argv "/usr/bin/node" "/usr/bin/npm" "run" "developmentBackEnd"
19 error node v6.12.0
20 error npm  v3.10.10
21 error code ELIFECYCLE
22 error Kamena_Vurla@0.0.4 developmentBackEnd: `cross-env NODE_ENV=developmentBackEnd node backEndServer.js`
22 error Exit status 1
23 error Failed at the Kamena_Vurla@0.0.4 developmentBackEnd script 'cross-env NODE_ENV=developmentBackEnd node backEndServer.js'.
23 error Make sure you have the latest version of node.js and npm installed.
23 error If you do, this is most likely a problem with the Kamena_Vurla package,
23 error not with npm itself.
23 error Tell the author that this fails on your system:
23 error     cross-env NODE_ENV=developmentBackEnd node backEndServer.js
23 error You can get information on how to open an issue for this project with:
23 error     npm bugs Kamena_Vurla
23 error Or if that isn't available, you can get their info via:
23 error     npm owner ls Kamena_Vurla
23 error There is likely additional logging output above.
24 verbose exit [ 1, true ]
